<?xml version="1.0" encoding="UTF-8"?>
<!-- Generated by org.testng.reporters.JUnitXMLReporter -->
<testsuite hostname="DESKTOP-Q79H74R" ignored="0" name="Cineplexx" tests="1" failures="1" timestamp="2022-02-01T21:12:15 CET" time="9.545" errors="0">
  <testcase name="cookiesHappyPath" time="2.002" classname="tests.TestsHomePages">
    <failure type="java.lang.NullPointerException">
      <![CDATA[java.lang.NullPointerException
at org.openqa.selenium.support.pagefactory.DefaultElementLocator.findElement(DefaultElementLocator.java:70)
at org.openqa.selenium.support.pagefactory.internal.LocatingElementHandler.invoke(LocatingElementHandler.java:39)
at com.sun.proxy.$Proxy10.click(Unknown Source)
at pages.HomePage.viewAndAcceptCookies(HomePage.java:19)
at tests.TestsHomePages.cookiesHappyPath(TestsHomePages.java:40)
at java.util.ArrayList.forEach(ArrayList.java:1259)
at com.intellij.rt.testng.IDEARemoteTestNG.run(IDEARemoteTestNG.java:66)
at com.intellij.rt.testng.RemoteTestNGStarter.main(RemoteTestNGStarter.java:109)
... Removed 24 stack frames]]>
    </failure>
  </testcase> <!-- cookiesHappyPath -->
</testsuite> <!-- Cineplexx -->
