<?xml version="1.0" encoding="UTF-8"?>
<testng-results skipped="0" failed="1" ignored="0" total="1" passed="0">
  <reporter-output>
  </reporter-output>
  <suite name="Default Suite" duration-ms="9545" started-at="2022-02-01T21:12:06 CET" finished-at="2022-02-01T21:12:15 CET">
    <groups>
    </groups>
    <test name="Cineplexx" duration-ms="9545" started-at="2022-02-01T21:12:06 CET" finished-at="2022-02-01T21:12:15 CET">
      <class name="tests.TestsHomePages">
        <test-method status="PASS" signature="beforSuit()[pri:0, instance:tests.TestsHomePages@1500955a]" name="beforSuit" is-config="true" duration-ms="31" started-at="2022-02-01T21:12:06 CET" finished-at="2022-02-01T21:12:06 CET">
          <reporter-output>
          </reporter-output>
        </test-method> <!-- beforSuit -->
        <test-method status="PASS" signature="beforClass()[pri:0, instance:tests.TestsHomePages@1500955a]" name="beforClass" is-config="true" duration-ms="5334" started-at="2022-02-01T21:12:06 CET" finished-at="2022-02-01T21:12:11 CET">
          <reporter-output>
          </reporter-output>
        </test-method> <!-- beforClass -->
        <test-method status="PASS" signature="beforeMethod()[pri:0, instance:tests.TestsHomePages@1500955a]" name="beforeMethod" is-config="true" duration-ms="1737" started-at="2022-02-01T21:12:11 CET" finished-at="2022-02-01T21:12:13 CET">
          <reporter-output>
          </reporter-output>
        </test-method> <!-- beforeMethod -->
        <test-method status="FAIL" signature="cookiesHappyPath()[pri:0, instance:tests.TestsHomePages@1500955a]" name="cookiesHappyPath" duration-ms="2002" started-at="2022-02-01T21:12:13 CET" finished-at="2022-02-01T21:12:15 CET">
          <exception class="java.lang.NullPointerException">
            <full-stacktrace>
              <![CDATA[java.lang.NullPointerException
at org.openqa.selenium.support.pagefactory.DefaultElementLocator.findElement(DefaultElementLocator.java:70)
at org.openqa.selenium.support.pagefactory.internal.LocatingElementHandler.invoke(LocatingElementHandler.java:39)
at com.sun.proxy.$Proxy10.click(Unknown Source)
at pages.HomePage.viewAndAcceptCookies(HomePage.java:19)
at tests.TestsHomePages.cookiesHappyPath(TestsHomePages.java:40)
at sun.reflect.NativeMethodAccessorImpl.invoke0(Native Method)
at sun.reflect.NativeMethodAccessorImpl.invoke(NativeMethodAccessorImpl.java:62)
at sun.reflect.DelegatingMethodAccessorImpl.invoke(DelegatingMethodAccessorImpl.java:43)
at java.lang.reflect.Method.invoke(Method.java:498)
at org.testng.internal.invokers.MethodInvocationHelper.invokeMethod(MethodInvocationHelper.java:135)
at org.testng.internal.invokers.TestInvoker.invokeMethod(TestInvoker.java:673)
at org.testng.internal.invokers.TestInvoker.invokeTestMethod(TestInvoker.java:220)
at org.testng.internal.invokers.MethodRunner.runInSequence(MethodRunner.java:50)
at org.testng.internal.invokers.TestInvoker$MethodInvocationAgent.invoke(TestInvoker.java:945)
at org.testng.internal.invokers.TestInvoker.invokeTestMethods(TestInvoker.java:193)
at org.testng.internal.invokers.TestMethodWorker.invokeTestMethods(TestMethodWorker.java:146)
at org.testng.internal.invokers.TestMethodWorker.run(TestMethodWorker.java:128)
at java.util.ArrayList.forEach(ArrayList.java:1259)
at org.testng.TestRunner.privateRun(TestRunner.java:808)
at org.testng.TestRunner.run(TestRunner.java:603)
at org.testng.SuiteRunner.runTest(SuiteRunner.java:429)
at org.testng.SuiteRunner.runSequentially(SuiteRunner.java:423)
at org.testng.SuiteRunner.privateRun(SuiteRunner.java:383)
at org.testng.SuiteRunner.run(SuiteRunner.java:326)
at org.testng.SuiteRunnerWorker.runSuite(SuiteRunnerWorker.java:52)
at org.testng.SuiteRunnerWorker.run(SuiteRunnerWorker.java:95)
at org.testng.TestNG.runSuitesSequentially(TestNG.java:1249)
at org.testng.TestNG.runSuitesLocally(TestNG.java:1169)
at org.testng.TestNG.runSuites(TestNG.java:1092)
at org.testng.TestNG.run(TestNG.java:1060)
at com.intellij.rt.testng.IDEARemoteTestNG.run(IDEARemoteTestNG.java:66)
at com.intellij.rt.testng.RemoteTestNGStarter.main(RemoteTestNGStarter.java:109)
]]>
            </full-stacktrace>
          </exception> <!-- java.lang.NullPointerException -->
          <reporter-output>
          </reporter-output>
        </test-method> <!-- cookiesHappyPath -->
        <test-method status="PASS" signature="close()[pri:0, instance:tests.TestsHomePages@1500955a]" name="close" is-config="true" duration-ms="276" started-at="2022-02-01T21:12:15 CET" finished-at="2022-02-01T21:12:15 CET">
          <reporter-output>
          </reporter-output>
        </test-method> <!-- close -->
      </class> <!-- tests.TestsHomePages -->
    </test> <!-- Cineplexx -->
  </suite> <!-- Default Suite -->
</testng-results>
